<?xml version="1.0" encoding="UTF-8"?>
<!-- Generated by org.testng.reporters.JUnitReportReporter -->
<testsuite hostname="Acer" failures="0" tests="1" name="Test1.TestDemo1" time="3.653" errors="0" timestamp="2024-06-12T17:06:29 IST" skipped="0">
  <testcase classname="Test1.TestDemo1" name="LoginTest1" time="3.653"/>
</testsuite> <!-- Test1.TestDemo1 -->
