<?xml version="1.0" encoding="UTF-8"?>
<!-- Generated by org.testng.reporters.JUnitReportReporter -->
<testsuite hostname="Acer" failures="0" tests="1" name="Test1.TestDemo1" time="6.762" errors="0" timestamp="2024-06-12T19:10:38 IST" skipped="0">
  <testcase classname="Test1.TestDemo1" name="LoginTest1" time="6.762"/>
</testsuite> <!-- Test1.TestDemo1 -->
